{"E:\\Dev\\Microverse\\updated to-do-list\\To-Do-List\\modules\\Store.js": {"path":"E:\\Dev\\Microverse\\updated to-do-list\\To-Do-List\\modules\\Store.js","statementMap":{"0":{"start":{"line":2,"column":20},"end":{"line":10,"column":3}},"1":{"start":{"line":4,"column":4},"end":{"line":8,"column":5}},"2":{"start":{"line":5,"column":6},"end":{"line":5,"column":17}},"3":{"start":{"line":7,"column":6},"end":{"line":7,"column":56}},"4":{"start":{"line":9,"column":4},"end":{"line":9,"column":17}},"5":{"start":{"line":12,"column":20},"end":{"line":18,"column":3}},"6":{"start":{"line":13,"column":18},"end":{"line":13,"column":33}},"7":{"start":{"line":14,"column":4},"end":{"line":14,"column":21}},"8":{"start":{"line":15,"column":4},"end":{"line":15,"column":57}},"9":{"start":{"line":17,"column":4},"end":{"line":17,"column":35}},"10":{"start":{"line":20,"column":23},"end":{"line":33,"column":3}},"11":{"start":{"line":21,"column":18},"end":{"line":21,"column":33}},"12":{"start":{"line":22,"column":26},"end":{"line":24,"column":5}},"13":{"start":{"line":23,"column":20},"end":{"line":23,"column":40}},"14":{"start":{"line":28,"column":4},"end":{"line":30,"column":7}},"15":{"start":{"line":29,"column":6},"end":{"line":29,"column":37}},"16":{"start":{"line":31,"column":4},"end":{"line":31,"column":65}},"17":{"start":{"line":32,"column":4},"end":{"line":32,"column":27}}},"fnMap":{"0":{"name":"(anonymous_0)","decl":{"start":{"line":2,"column":20},"end":{"line":2,"column":21}},"loc":{"start":{"line":2,"column":26},"end":{"line":10,"column":3}},"line":2},"1":{"name":"(anonymous_1)","decl":{"start":{"line":12,"column":20},"end":{"line":12,"column":21}},"loc":{"start":{"line":12,"column":30},"end":{"line":18,"column":3}},"line":12},"2":{"name":"(anonymous_2)","decl":{"start":{"line":20,"column":23},"end":{"line":20,"column":24}},"loc":{"start":{"line":20,"column":30},"end":{"line":33,"column":3}},"line":20},"3":{"name":"(anonymous_3)","decl":{"start":{"line":23,"column":6},"end":{"line":23,"column":7}},"loc":{"start":{"line":23,"column":20},"end":{"line":23,"column":40}},"line":23},"4":{"name":"(anonymous_4)","decl":{"start":{"line":28,"column":26},"end":{"line":28,"column":27}},"loc":{"start":{"line":28,"column":51},"end":{"line":30,"column":5}},"line":28}},"branchMap":{"0":{"loc":{"start":{"line":4,"column":4},"end":{"line":8,"column":5}},"type":"if","locations":[{"start":{"line":4,"column":4},"end":{"line":8,"column":5}},{"start":{"line":6,"column":11},"end":{"line":8,"column":5}}],"line":4}},"s":{"0":2,"1":5,"2":1,"3":4,"4":5,"5":2,"6":1,"7":1,"8":1,"9":1,"10":2,"11":2,"12":2,"13":1,"14":2,"15":0,"16":2,"17":2},"f":{"0":5,"1":1,"2":2,"3":1,"4":0},"b":{"0":[1,4]},"_coverageSchema":"1a1c01bbd47fc00a2c39e90264f33305004495a9","hash":"28982c0e9212b1809675cbca24a3935615179cd0"}
,"E:\\Dev\\Microverse\\updated to-do-list\\To-Do-List\\modules\\Ui.js": {"path":"E:\\Dev\\Microverse\\updated to-do-list\\To-Do-List\\modules\\Ui.js","statementMap":{"0":{"start":{"line":4,"column":20},"end":{"line":21,"column":3}},"1":{"start":{"line":5,"column":21},"end":{"line":5,"column":58}},"2":{"start":{"line":6,"column":20},"end":{"line":6,"column":48}},"3":{"start":{"line":8,"column":4},"end":{"line":8,"column":49}},"4":{"start":{"line":9,"column":4},"end":{"line":9,"column":43}},"5":{"start":{"line":10,"column":4},"end":{"line":10,"column":51}},"6":{"start":{"line":11,"column":4},"end":{"line":19,"column":8}},"7":{"start":{"line":20,"column":4},"end":{"line":20,"column":34}},"8":{"start":{"line":23,"column":23},"end":{"line":29,"column":3}},"9":{"start":{"line":24,"column":18},"end":{"line":24,"column":34}},"10":{"start":{"line":25,"column":4},"end":{"line":27,"column":7}},"11":{"start":{"line":26,"column":6},"end":{"line":26,"column":26}},"12":{"start":{"line":28,"column":4},"end":{"line":28,"column":17}}},"fnMap":{"0":{"name":"(anonymous_0)","decl":{"start":{"line":4,"column":20},"end":{"line":4,"column":21}},"loc":{"start":{"line":4,"column":30},"end":{"line":21,"column":3}},"line":4},"1":{"name":"(anonymous_1)","decl":{"start":{"line":23,"column":23},"end":{"line":23,"column":24}},"loc":{"start":{"line":23,"column":29},"end":{"line":29,"column":3}},"line":23},"2":{"name":"(anonymous_2)","decl":{"start":{"line":25,"column":18},"end":{"line":25,"column":19}},"loc":{"start":{"line":25,"column":28},"end":{"line":27,"column":5}},"line":25}},"branchMap":{"0":{"loc":{"start":{"line":14,"column":60},"end":{"line":14,"column":91}},"type":"cond-expr","locations":[{"start":{"line":14,"column":77},"end":{"line":14,"column":86}},{"start":{"line":14,"column":89},"end":{"line":14,"column":91}}],"line":14},"1":{"loc":{"start":{"line":15,"column":39},"end":{"line":15,"column":86}},"type":"cond-expr","locations":[{"start":{"line":15,"column":56},"end":{"line":15,"column":81}},{"start":{"line":15,"column":84},"end":{"line":15,"column":86}}],"line":15}},"s":{"0":1,"1":2,"2":2,"3":2,"4":2,"5":2,"6":2,"7":2,"8":1,"9":0,"10":0,"11":0,"12":0},"f":{"0":2,"1":0,"2":0},"b":{"0":[0,2],"1":[0,2]},"_coverageSchema":"1a1c01bbd47fc00a2c39e90264f33305004495a9","hash":"2980afe79aef9ce2eb5136393b654a57302c4759"}
}
