TN:
SF:modules\Store.js
FN:2,(anonymous_0)
FN:12,(anonymous_1)
FN:20,(anonymous_2)
FN:23,(anonymous_3)
FN:28,(anonymous_4)
FN:36,(anonymous_5)
FN:38,(anonymous_6)
FNF:7
FNH:7
FNDA:14,(anonymous_0)
FNDA:3,(anonymous_1)
FNDA:2,(anonymous_2)
FNDA:5,(anonymous_3)
FNDA:3,(anonymous_4)
FNDA:2,(anonymous_5)
FNDA:2,(anonymous_6)
DA:2,2
DA:4,14
DA:5,1
DA:7,13
DA:9,14
DA:12,2
DA:13,3
DA:14,3
DA:15,3
DA:17,3
DA:20,2
DA:21,2
DA:22,2
DA:23,5
DA:28,2
DA:29,3
DA:31,2
DA:32,2
DA:36,2
DA:37,2
DA:38,2
DA:39,2
DA:41,2
LF:23
LH:23
BRDA:4,0,0,1
BRDA:4,0,1,13
BRF:2
BRH:2
end_of_record
TN:
SF:modules\Ui.js
FN:4,(anonymous_0)
FN:23,(anonymous_1)
FN:25,(anonymous_2)
FNF:3
FNH:1
FNDA:2,(anonymous_0)
FNDA:0,(anonymous_1)
FNDA:0,(anonymous_2)
DA:4,1
DA:5,2
DA:6,2
DA:8,2
DA:9,2
DA:10,2
DA:11,2
DA:20,2
DA:23,1
DA:24,0
DA:25,0
DA:26,0
DA:28,0
LF:13
LH:9
BRDA:14,0,0,0
BRDA:14,0,1,2
BRDA:15,1,0,0
BRDA:15,1,1,2
BRF:4
BRH:2
end_of_record
