TN:
SF:modules\Store.js
FN:2,(anonymous_0)
FN:12,(anonymous_1)
FN:20,(anonymous_2)
FN:23,(anonymous_3)
FN:28,(anonymous_4)
FNF:5
FNH:4
FNDA:5,(anonymous_0)
FNDA:1,(anonymous_1)
FNDA:2,(anonymous_2)
FNDA:1,(anonymous_3)
FNDA:0,(anonymous_4)
DA:2,2
DA:4,5
DA:5,1
DA:7,4
DA:9,5
DA:12,2
DA:13,1
DA:14,1
DA:15,1
DA:17,1
DA:20,2
DA:21,2
DA:22,2
DA:23,1
DA:28,2
DA:29,0
DA:31,2
DA:32,2
LF:18
LH:17
BRDA:4,0,0,1
BRDA:4,0,1,4
BRF:2
BRH:2
end_of_record
TN:
SF:modules\Ui.js
FN:4,(anonymous_0)
FN:23,(anonymous_1)
FN:25,(anonymous_2)
FNF:3
FNH:1
FNDA:2,(anonymous_0)
FNDA:0,(anonymous_1)
FNDA:0,(anonymous_2)
DA:4,1
DA:5,2
DA:6,2
DA:8,2
DA:9,2
DA:10,2
DA:11,2
DA:20,2
DA:23,1
DA:24,0
DA:25,0
DA:26,0
DA:28,0
LF:13
LH:9
BRDA:14,0,0,0
BRDA:14,0,1,2
BRDA:15,1,0,0
BRDA:15,1,1,2
BRF:4
BRH:2
end_of_record
